<?xml version="1.0" encoding="UTF-8"?>
<!-- Generated by org.testng.reporters.JUnitReportReporter -->
<testsuite hostname="MAVLT1586" failures="0" tests="6" name="mavenDemo.demo" time="91.114" errors="0" timestamp="2021-08-12T20:13:51 IST" skipped="0">
  <testcase classname="mavenDemo.demo" name="frames" time="12.494"/>
  <system-out/>
  <testcase classname="mavenDemo.demo" name="program3" time="23.716"/>
  <system-out/>
  <testcase classname="mavenDemo.demo" name="program15" time="4.556"/>
  <system-out/>
  <testcase classname="mavenDemo.demo" name="alert" time="16.469"/>
  <system-out/>
  <testcase classname="mavenDemo.demo" name="program2" time="22.597"/>
  <system-out/>
  <testcase classname="mavenDemo.demo" name="webTable" time="11.282"/>
  <system-out/>
</testsuite> <!-- mavenDemo.demo -->
