<?xml version="1.0" encoding="UTF-8"?>
<!-- Generated by org.testng.reporters.JUnitReportReporter -->
<testsuite hostname="MAVLT1586" failures="0" tests="1" name="mavenDemo.gitTest" time="17.556" errors="0" timestamp="2021-08-13T10:28:02 IST" skipped="0">
  <testcase classname="mavenDemo.gitTest" name="gitpush" time="17.556"/>
  <system-out/>
</testsuite> <!-- mavenDemo.gitTest -->
